
**** Build of configuration Debug for project Interrupt32Bit ****

"C:\\ti\\ccsv5\\utils\\bin\\gmake" -k all 
'Building file: ../interrupt32_2.c'
'Invoking: C6000 Compiler'
"C:/ti/ccsv5/tools/compiler/c6000_7.4.4/bin/cl6x" -mv6710 --abi=coffabi -O0 -g --include_path="C:/ti/ccsv5/tools/compiler/c6000_7.4.4/include" --include_path="C:/ti/ccsv5/C6xCSL/include" --include_path=".." --include_path="C:/ti/ccsv5/DSK6713/c6000/dsk6713/include" --define="_DEBUG" --define="CHIP_6713" --display_error_number --diag_warning=225 --diag_wrap=off --mem_model:data=far --preproc_with_compile --preproc_dependency="interrupt32_2.pp"  "../interrupt32_2.c"
'Finished building: ../interrupt32_2.c'
' '
'Building file: ../wdf19deg.c'
'Invoking: C6000 Compiler'
"C:/ti/ccsv5/tools/compiler/c6000_7.4.4/bin/cl6x" -mv6710 --abi=coffabi -O0 -g --include_path="C:/ti/ccsv5/tools/compiler/c6000_7.4.4/include" --include_path="C:/ti/ccsv5/C6xCSL/include" --include_path=".." --include_path="C:/ti/ccsv5/DSK6713/c6000/dsk6713/include" --define="_DEBUG" --define="CHIP_6713" --display_error_number --diag_warning=225 --diag_wrap=off --mem_model:data=far --preproc_with_compile --preproc_dependency="wdf19deg.pp"  "../wdf19deg.c"
"../wdf19deg.c", line 58: error #169: argument of type "double (*)[2]" is incompatible with parameter of type "double **"

"../wdf19deg.c", line 59: error #169: argument of type "double (*)[4]" is incompatible with parameter of type "double **"
>> Compilation failure
"../wdf19deg.c", line 60: error #169: argument of type "double (*)[8]" is incompatible with parameter of type "double **"
"../wdf19deg.c", line 74: error #169: argument of type "double (*)[2]" is incompatible with parameter of type "double **"
"../wdf19deg.c", line 75: error #169: argument of type "double (*)[4]" is incompatible with parameter of type "double **"
"../wdf19deg.c", line 76: error #169: argument of type "double (*)[8]" is incompatible with parameter of type "double **"
6 errors detected in the compilation of "../wdf19deg.c".
gmake: *** [wdf19deg.obj] Error 1
gmake: Target `all' not remade because of errors.

**** Build Finished ****
